


          SolidWorks Corporation - STEP Processor Error Log
          ______________________________________________________

                       STEP Post Processor
                       ___________________


STEP File Name: C:\Users\Max\Desktop\Корпус\Складная ручка для переноски(24576-072)\24576-072-o.stp



Error: Тип элемента не поддерживается
STEP-ввод не завершен успешно.

Error: Тип элемента не поддерживается
STEP-ввод не завершен успешно.

Error: Тип элемента не поддерживается
STEP-ввод не завершен успешно.

Error: Тип элемента не поддерживается
STEP-ввод не завершен успешно.

Error: Тип элемента не поддерживается
STEP-ввод не завершен успешно.

Error: Тип элемента не поддерживается
STEP-ввод не завершен успешно.

Error: Тип элемента не поддерживается
STEP-ввод не завершен успешно.

Error: Тип элемента не поддерживается
STEP-ввод не завершен успешно.

Error: Тип элемента не поддерживается
STEP-ввод не завершен успешно.

Error: Тип элемента не поддерживается
STEP-ввод не завершен успешно.

Error: Тип элемента не поддерживается
STEP-ввод не завершен успешно.

Error: Тип элемента не поддерживается
STEP-ввод не завершен успешно.

Error: Тип элемента не поддерживается
STEP-ввод не завершен успешно.

Error: Тип элемента не поддерживается
STEP-ввод не завершен успешно.

Error: Тип элемента не поддерживается
STEP-ввод не завершен успешно.

Error: Тип элемента не поддерживается
STEP-ввод не завершен успешно.

Error: Тип элемента не поддерживается
STEP-ввод не завершен успешно.

Error: Тип элемента не поддерживается
STEP-ввод не завершен успешно.

Error: Тип элемента не поддерживается
STEP-ввод не завершен успешно.

Error: Тип элемента не поддерживается
STEP-ввод не завершен успешно.

Error: Тип элемента не поддерживается
STEP-ввод не завершен успешно.

Error: Тип элемента не поддерживается
STEP-ввод не завершен успешно.

Error: Тип элемента не поддерживается
STEP-ввод не завершен успешно.

Error: Тип элемента не поддерживается
STEP-ввод не завершен успешно.

Error: Тип элемента не поддерживается
STEP-ввод не завершен успешно.

Error: Тип элемента не поддерживается
STEP-ввод не завершен успешно.

Error: Тип элемента не поддерживается
STEP-ввод не завершен успешно.

Error: Тип элемента не поддерживается
STEP-ввод не завершен успешно.

Error: Тип элемента не поддерживается
STEP-ввод не завершен успешно.

Error: Тип элемента не поддерживается
STEP-ввод не завершен успешно.

Error: Тип элемента не поддерживается
STEP-ввод не завершен успешно.

Error: Тип элемента не поддерживается
STEP-ввод не завершен успешно.

Error: Тип элемента не поддерживается
STEP-ввод не завершен успешно.

Error: Тип элемента не поддерживается
STEP-ввод не завершен успешно.

Error: Тип элемента не поддерживается
STEP-ввод не завершен успешно.

Error: Тип элемента не поддерживается
STEP-ввод не завершен успешно.

Error: Тип элемента не поддерживается
STEP-ввод не завершен успешно.

Error: Тип элемента не поддерживается
STEP-ввод не завершен успешно.

Error: Тип элемента не поддерживается
STEP-ввод не завершен успешно.

Error: Тип элемента не поддерживается
STEP-ввод не завершен успешно.

Error: Тип элемента не поддерживается
STEP-ввод не завершен успешно.

Error: Тип элемента не поддерживается
STEP-ввод не завершен успешно.

Error: Тип элемента не поддерживается
STEP-ввод не завершен успешно.

Error: Тип элемента не поддерживается
STEP-ввод не завершен успешно.

Error: Тип элемента не поддерживается
STEP-ввод не завершен успешно.

Error: Тип элемента не поддерживается
STEP-ввод не завершен успешно.

Error: Тип элемента не поддерживается
STEP-ввод не завершен успешно.

Error: Тип элемента не поддерживается
STEP-ввод не завершен успешно.

Error: Тип элемента не поддерживается
STEP-ввод не завершен успешно.

Error: Тип элемента не поддерживается
STEP-ввод не завершен успешно.

Error: Тип элемента не поддерживается
STEP-ввод не завершен успешно.
Поверхности были успешно преобразованы в твердое тело.
STEP-ввод завершен.
Error: Не удалось создать твердое тело из триммированных поверхностей.
STEP-ввод не завершен успешно.
Поверхности были успешно преобразованы в твердое тело.
STEP-ввод завершен.
Error: Не удалось создать твердое тело из триммированных поверхностей.
STEP-ввод не завершен успешно.
Поверхности были успешно преобразованы в твердое тело.
STEP-ввод завершен.
Error: Не удалось создать твердое тело из триммированных поверхностей.
STEP-ввод не завершен успешно.
Поверхности были успешно преобразованы в твердое тело.
STEP-ввод завершен.Поверхности были успешно преобразованы в твердое тело.
STEP-ввод завершен.Поверхности были успешно преобразованы в твердое тело.
STEP-ввод завершен.Поверхности были успешно преобразованы в твердое тело.
STEP-ввод завершен.Поверхности были успешно преобразованы в твердое тело.
STEP-ввод завершен.Поверхности были успешно преобразованы в твердое тело.
STEP-ввод завершен.Поверхности были успешно преобразованы в твердое тело.
STEP-ввод завершен.
Error: Не удалось создать твердое тело из триммированных поверхностей.
STEP-ввод не завершен успешно.
Поверхности были успешно преобразованы в твердое тело.
STEP-ввод завершен.
Error: Не удалось создать твердое тело из триммированных поверхностей.
STEP-ввод не завершен успешно.
Поверхности были успешно преобразованы в твердое тело.
STEP-ввод завершен.
Error: Не удалось создать твердое тело из триммированных поверхностей.
STEP-ввод не завершен успешно.
Поверхности были успешно преобразованы в твердое тело.
STEP-ввод завершен.
Error: Не удалось создать твердое тело из триммированных поверхностей.
STEP-ввод не завершен успешно.
Поверхности были успешно преобразованы в твердое тело.
STEP-ввод завершен.Поверхности были успешно преобразованы в твердое тело.
STEP-ввод завершен.Поверхности были успешно преобразованы в твердое тело.
STEP-ввод завершен.Поверхности были успешно преобразованы в твердое тело.
STEP-ввод завершен.